#
# There is insufficient memory for the Java Runtime Environment to continue.
# Native memory allocation (malloc) failed to allocate 930256 bytes. Error detail: Chunk::new
# Possible reasons:
#   The system is out of physical RAM or swap space
#   This process is running with CompressedOops enabled, and the Java Heap may be blocking the growth of the native heap
# Possible solutions:
#   Reduce memory load on the system
#   Increase physical memory or swap space
#   Check if swap backing store is full
#   Decrease Java heap size (-Xmx/-Xms)
#   Decrease number of Java threads
#   Decrease Java thread stack sizes (-Xss)
#   Set larger code cache with -XX:ReservedCodeCacheSize=
#   JVM is running with Zero Based Compressed Oops mode in which the Java heap is
#     placed in the first 32GB address space. The Java Heap base address is the
#     maximum limit for the native heap growth. Please use -XX:HeapBaseMinAddress
#     to set the Java Heap base and to place the Java Heap above 32GB virtual address.
# This output file may be truncated or incomplete.
#
#  Out of Memory Error (arena.cpp:168), pid=13808, tid=27980
#
# JRE version: OpenJDK Runtime Environment (21.0.6) (build 21.0.6+-13391695-b895.109)
# Java VM: OpenJDK 64-Bit Server VM (21.0.6+-13391695-b895.109, mixed mode, tiered, compressed oops, compressed class ptrs, g1 gc, windows-amd64)
# No core dump will be written. Minidumps are not enabled by default on client versions of Windows
#

---------------  S U M M A R Y ------------

Command Line: --add-opens=java.base/java.lang=ALL-UNNAMED --add-opens=java.base/java.lang.invoke=ALL-UNNAMED --add-opens=java.base/java.util=ALL-UNNAMED --add-opens=java.prefs/java.util.prefs=ALL-UNNAMED --add-exports=jdk.compiler/com.sun.tools.javac.api=ALL-UNNAMED --add-exports=jdk.compiler/com.sun.tools.javac.util=ALL-UNNAMED --add-opens=java.base/java.util=ALL-UNNAMED --add-opens=java.prefs/java.util.prefs=ALL-UNNAMED --add-opens=java.base/java.nio.charset=ALL-UNNAMED --add-opens=java.base/java.net=ALL-UNNAMED --add-opens=java.base/java.util.concurrent.atomic=ALL-UNNAMED --add-opens=java.xml/javax.xml.namespace=ALL-UNNAMED -XX:MaxMetaspaceSize=768m -XX:ReservedCodeCacheSize=256m -XX:+HeapDumpOnOutOfMemoryError -Xmx3072m -Dfile.encoding=UTF-8 -Duser.country=US -Duser.language=en -Duser.variant -javaagent:C:\Users\i-seven\.gradle\wrapper\dists\gradle-8.12-all\ejduaidbjup3bmmkhw3rie4zb\gradle-8.12\lib\agents\gradle-instrumentation-agent-8.12.jar org.gradle.launcher.daemon.bootstrap.GradleDaemon 8.12

Host: Intel(R) Core(TM) i5-8400H CPU @ 2.50GHz, 8 cores, 15G,  Windows 10 , 64 bit Build 19041 (10.0.19041.6807)
Time: Sat Apr 25 08:43:26 2026 Egypt Daylight Time elapsed time: 6.146970 seconds (0d 0h 0m 6s)

---------------  T H R E A D  ---------------

Current thread (0x000001bbda7d15a0):  JavaThread "C2 CompilerThread2" daemon [_thread_in_native, id=27980, stack(0x000000263a200000,0x000000263a300000) (1024K)]


Current CompileTask:
C2:6147 5004   !   4       jdk.internal.loader.BuiltinClassLoader::loadClassOrNull (143 bytes)

Stack: [0x000000263a200000,0x000000263a300000]
Native frames: (J=compiled Java code, j=interpreted, Vv=VM code, C=native code)
V  [jvm.dll+0x6d0639]
V  [jvm.dll+0x85eb03]
V  [jvm.dll+0x86105e]
V  [jvm.dll+0x861743]
V  [jvm.dll+0x27e6e6]
V  [jvm.dll+0xbff6d]
V  [jvm.dll+0xc04a3]
V  [jvm.dll+0x3b6171]
V  [jvm.dll+0x3820c7]
V  [jvm.dll+0x38153a]
V  [jvm.dll+0x247c82]
V  [jvm.dll+0x247251]
V  [jvm.dll+0x1c5f04]
V  [jvm.dll+0x2569ac]
V  [jvm.dll+0x254ef6]
V  [jvm.dll+0x3f0e96]
V  [jvm.dll+0x806ed8]
V  [jvm.dll+0x6cef0d]
C  [ucrtbase.dll+0x21bb2]
C  [KERNEL32.DLL+0x17374]
C  [ntdll.dll+0x4cc91]


---------------  P R O C E S S  ---------------

Threads class SMR info:
_java_thread_list=0x000001bbe35adcc0, length=35, elements={
0x000001bbbe3031e0, 0x000001bbda2849c0, 0x000001bbda285610, 0x000001bbda288070,
0x000001bbda288ac0, 0x000001bbda2a1d10, 0x000001bbda2a3e00, 0x000001bbda2a6770,
0x000001bbda2a9f50, 0x000001bbda2a3770, 0x000001bbda2a2a50, 0x000001bbda661670,
0x000001bbda7d15a0, 0x000001bbda2a51b0, 0x000001bbda2a5840, 0x000001bbda2a23c0,
0x000001bbda2a4490, 0x000001bbda2a30e0, 0x000001bbda2a4b20, 0x000001bbe0401430,
0x000001bbe0402150, 0x000001bbe0404f40, 0x000001bbe0401ac0, 0x000001bbe0406980,
0x000001bbe03ff9f0, 0x000001bbe0400710, 0x000001bbe04027e0, 0x000001bbe04055d0,
0x000001bbe0402e70, 0x000001bbe0403500, 0x000001bbe0403b90, 0x000001bbe0404220,
0x000001bbe04048b0, 0x000001bbe0400da0, 0x000001bbe0407010
}

Java Threads: ( => current thread )
  0x000001bbbe3031e0 JavaThread "main"                              [_thread_blocked, id=11300, stack(0x0000002638f00000,0x0000002639000000) (1024K)]
  0x000001bbda2849c0 JavaThread "Reference Handler"          daemon [_thread_blocked, id=21496, stack(0x0000002639700000,0x0000002639800000) (1024K)]
  0x000001bbda285610 JavaThread "Finalizer"                  daemon [_thread_blocked, id=28560, stack(0x0000002639800000,0x0000002639900000) (1024K)]
  0x000001bbda288070 JavaThread "Signal Dispatcher"          daemon [_thread_blocked, id=27092, stack(0x0000002639900000,0x0000002639a00000) (1024K)]
  0x000001bbda288ac0 JavaThread "Attach Listener"            daemon [_thread_blocked, id=23164, stack(0x0000002639a00000,0x0000002639b00000) (1024K)]
  0x000001bbda2a1d10 JavaThread "Service Thread"             daemon [_thread_blocked, id=28212, stack(0x0000002639b00000,0x0000002639c00000) (1024K)]
  0x000001bbda2a3e00 JavaThread "Monitor Deflation Thread"   daemon [_thread_blocked, id=26132, stack(0x0000002639c00000,0x0000002639d00000) (1024K)]
  0x000001bbda2a6770 JavaThread "C2 CompilerThread0"         daemon [_thread_in_native, id=26556, stack(0x0000002639d00000,0x0000002639e00000) (1024K)]
  0x000001bbda2a9f50 JavaThread "C1 CompilerThread0"         daemon [_thread_in_vm, id=19372, stack(0x0000002639e00000,0x0000002639f00000) (1024K)]
  0x000001bbda2a3770 JavaThread "Common-Cleaner"             daemon [_thread_blocked, id=19896, stack(0x0000002639f00000,0x000000263a000000) (1024K)]
  0x000001bbda2a2a50 JavaThread "Notification Thread"        daemon [_thread_blocked, id=26524, stack(0x000000263a000000,0x000000263a100000) (1024K)]
  0x000001bbda661670 JavaThread "C2 CompilerThread1"         daemon [_thread_in_native, id=13372, stack(0x000000263a100000,0x000000263a200000) (1024K)]
=>0x000001bbda7d15a0 JavaThread "C2 CompilerThread2"         daemon [_thread_in_native, id=27980, stack(0x000000263a200000,0x000000263a300000) (1024K)]
  0x000001bbda2a51b0 JavaThread "Daemon health stats"               [_thread_blocked, id=12552, stack(0x000000263a800000,0x000000263a900000) (1024K)]
  0x000001bbda2a5840 JavaThread "Incoming local TCP Connector on port 50942"        [_thread_in_native, id=12432, stack(0x000000263a900000,0x000000263aa00000) (1024K)]
  0x000001bbda2a23c0 JavaThread "Daemon periodic checks"            [_thread_blocked, id=10368, stack(0x000000263aa00000,0x000000263ab00000) (1024K)]
  0x000001bbda2a4490 JavaThread "Daemon"                            [_thread_blocked, id=22712, stack(0x000000263ab00000,0x000000263ac00000) (1024K)]
  0x000001bbda2a30e0 JavaThread "Handler for socket connection from /127.0.0.1:50942 to /127.0.0.1:50943"        [_thread_in_native, id=14488, stack(0x000000263ac00000,0x000000263ad00000) (1024K)]
  0x000001bbda2a4b20 JavaThread "Cancel handler"                    [_thread_blocked, id=27852, stack(0x000000263af00000,0x000000263b000000) (1024K)]
  0x000001bbe0401430 JavaThread "Daemon worker"                     [_thread_in_vm, id=22896, stack(0x000000263b000000,0x000000263b100000) (1024K)]
  0x000001bbe0402150 JavaThread "Asynchronous log dispatcher for DefaultDaemonConnection: socket connection from /127.0.0.1:50942 to /127.0.0.1:50943"        [_thread_blocked, id=27724, stack(0x000000263b100000,0x000000263b200000) (1024K)]
  0x000001bbe0404f40 JavaThread "Stdin handler"                     [_thread_blocked, id=13900, stack(0x000000263b200000,0x000000263b300000) (1024K)]
  0x000001bbe0401ac0 JavaThread "Daemon client event forwarder"        [_thread_blocked, id=5716, stack(0x000000263b300000,0x000000263b400000) (1024K)]
  0x000001bbe0406980 JavaThread "Cache worker for journal cache (C:\Users\i-seven\.gradle\caches\journal-1)"        [_thread_blocked, id=23720, stack(0x000000263b500000,0x000000263b600000) (1024K)]
  0x000001bbe03ff9f0 JavaThread "File lock request listener"        [_thread_in_native, id=25900, stack(0x000000263b600000,0x000000263b700000) (1024K)]
  0x000001bbe0400710 JavaThread "Cache worker for file hash cache (C:\Users\i-seven\.gradle\caches\8.12\fileHashes)"        [_thread_blocked, id=25140, stack(0x000000263b700000,0x000000263b800000) (1024K)]
  0x000001bbe04027e0 JavaThread "Cache worker for file hash cache (C:\Users\i-seven\Projects\zenverse\android\.gradle\8.12\fileHashes)"        [_thread_blocked, id=28188, stack(0x000000263b800000,0x000000263b900000) (1024K)]
  0x000001bbe04055d0 JavaThread "Cache worker for Build Output Cleanup Cache (C:\Users\i-seven\Projects\zenverse\android\.gradle\buildOutputCleanup)"        [_thread_blocked, id=27688, stack(0x000000263b900000,0x000000263ba00000) (1024K)]
  0x000001bbe0402e70 JavaThread "File watcher server"        daemon [_thread_in_native, id=25800, stack(0x000000263ba00000,0x000000263bb00000) (1024K)]
  0x000001bbe0403500 JavaThread "File watcher consumer"      daemon [_thread_blocked, id=25748, stack(0x000000263bb00000,0x000000263bc00000) (1024K)]
  0x000001bbe0403b90 JavaThread "Cache worker for checksums cache (C:\Users\i-seven\Projects\zenverse\android\.gradle\8.12\checksums)"        [_thread_blocked, id=23996, stack(0x000000263bc00000,0x000000263bd00000) (1024K)]
  0x000001bbe0404220 JavaThread "Cache worker for file content cache (C:\Users\i-seven\.gradle\caches\8.12\fileContent)"        [_thread_blocked, id=18960, stack(0x000000263bd00000,0x000000263be00000) (1024K)]
  0x000001bbe04048b0 JavaThread "Cache worker for cache directory md-rule (C:\Users\i-seven\.gradle\caches\8.12\md-rule)"        [_thread_blocked, id=27060, stack(0x000000263be00000,0x000000263bf00000) (1024K)]
  0x000001bbe0400da0 JavaThread "Cache worker for cache directory md-supplier (C:\Users\i-seven\.gradle\caches\8.12\md-supplier)"        [_thread_blocked, id=3960, stack(0x000000263bf00000,0x000000263c000000) (1024K)]
  0x000001bbe0407010 JavaThread "Cache worker for Build Output Cleanup Cache (C:\src\flutter\packages\flutter_tools\gradle\.gradle\buildOutputCleanup)"        [_thread_blocked, id=25332, stack(0x000000263c000000,0x000000263c100000) (1024K)]
Total: 35

Other Threads:
  0x000001bbda0de200 VMThread "VM Thread"                           [id=25552, stack(0x0000002639600000,0x0000002639700000) (1024K)]
  0x000001bbda061920 WatcherThread "VM Periodic Task Thread"        [id=28284, stack(0x0000002639500000,0x0000002639600000) (1024K)]
  0x000001bbc0649f60 WorkerThread "GC Thread#0"                     [id=4644, stack(0x0000002639000000,0x0000002639100000) (1024K)]
  0x000001bbda731b00 WorkerThread "GC Thread#1"                     [id=28144, stack(0x000000263a300000,0x000000263a400000) (1024K)]
  0x000001bbdad80e80 WorkerThread "GC Thread#2"                     [id=21824, stack(0x000000263a400000,0x000000263a500000) (1024K)]
  0x000001bbdadfe5e0 WorkerThread "GC Thread#3"                     [id=27888, stack(0x000000263a500000,0x000000263a600000) (1024K)]
  0x000001bbdadfe980 WorkerThread "GC Thread#4"                     [id=26884, stack(0x000000263a600000,0x000000263a700000) (1024K)]
  0x000001bbdaacc0c0 WorkerThread "GC Thread#5"                     [id=8924, stack(0x000000263a700000,0x000000263a800000) (1024K)]
  0x000001bbe04b4000 WorkerThread "GC Thread#6"                     [id=6196, stack(0x000000263ad00000,0x000000263ae00000) (1024K)]
  0x000001bbe04b2a40 WorkerThread "GC Thread#7"                     [id=27952, stack(0x000000263ae00000,0x000000263af00000) (1024K)]
  0x000001bbc0656e60 ConcurrentGCThread "G1 Main Marker"            [id=19756, stack(0x0000002639100000,0x0000002639200000) (1024K)]
  0x000001bbc0657710 WorkerThread "G1 Conc#0"                       [id=5900, stack(0x0000002639200000,0x0000002639300000) (1024K)]
  0x000001bbe04b26a0 WorkerThread "G1 Conc#1"                       [id=28604, stack(0x000000263b400000,0x000000263b500000) (1024K)]
  0x000001bbd9f3b1d0 ConcurrentGCThread "G1 Refine#0"               [id=18784, stack(0x0000002639300000,0x0000002639400000) (1024K)]
  0x000001bbd9f3baf0 ConcurrentGCThread "G1 Service"                [id=27100, stack(0x0000002639400000,0x0000002639500000) (1024K)]
Total: 15

Threads with active compile tasks:
C2 CompilerThread0  6205 4883   !   4       sun.reflect.annotation.AnnotationParser::parseAnnotations (37 bytes)
C1 CompilerThread0  6205 5050       3       sun.nio.fs.WindowsFileAttributes::fromFindData (127 bytes)
C2 CompilerThread1  6205 5014       4       jdk.internal.org.objectweb.asm.ClassWriter::toByteArray (1517 bytes)
C2 CompilerThread2  6205 5004   !   4       jdk.internal.loader.BuiltinClassLoader::loadClassOrNull (143 bytes)
Total: 4

VM state: not at safepoint (normal execution)

VM Mutex/Monitor currently owned by a thread:  ([mutex/lock_event])
[0x00007ff8e363ce20] MethodCompileQueue_lock - owner thread: 0x000001bbda2a9f50
[0x00007ff8e363e2a0] CodeCache_lock - owner thread: 0x000001bbda2a9f50
[0x00007ff8e363e420] Compile_lock - owner thread: 0x000001bbda2a9f50

Heap address: 0x0000000740000000, size: 3072 MB, Compressed Oops mode: Zero based, Oop shift amount: 3

CDS archive(s) not mapped
Compressed class space mapped at: 0x0000000800000000-0x0000000827000000, reserved size: 654311424
Narrow klass base: 0x0000000800000000, Narrow klass shift: 0, Narrow klass range: 0x27000000

GC Precious Log:
 CardTable entry size: 512
 Card Set container configuration: InlinePtr #cards 4 size 8 Array Of Cards #cards 16 size 48 Howl #buckets 8 coarsen threshold 3686 Howl Bitmap #cards 512 size 80 coarsen threshold 460 Card regions per heap region 1 cards per card region 4096
 CPUs: 8 total, 8 available
 Memory: 16142M
 Large Page Support: Disabled
 NUMA Support: Disabled
 Compressed Oops: Enabled (Zero based)
 Heap Region Size: 2M
 Heap Min Capacity: 8M
 Heap Initial Capacity: 254M
 Heap Max Capacity: 3G
 Pre-touch: Disabled
 Parallel Workers: 8
 Concurrent Workers: 2
 Concurrent Refinement Workers: 8
 Periodic GC: Disabled

Heap:
 garbage-first heap   total 88064K, used 74449K [0x0000000740000000, 0x0000000800000000)
  region size 2048K, 20 young (40960K), 1 survivors (2048K)
 Metaspace       used 56007K, committed 57600K, reserved 704512K
  class space    used 7612K, committed 8384K, reserved 638976K

Heap Regions: E=young(eden), S=young(survivor), O=old, HS=humongous(starts), HC=humongous(continues), CS=collection set, F=free, TAMS=top-at-mark-start, PB=parsable bottom
|   0|0x0000000740000000, 0x0000000740200000, 0x0000000740200000|100%|HS|  |TAMS 0x0000000740000000| PB 0x0000000740000000| Complete 
|   1|0x0000000740200000, 0x0000000740400000, 0x0000000740400000|100%|HC|  |TAMS 0x0000000740200000| PB 0x0000000740200000| Complete 
|   2|0x0000000740400000, 0x0000000740600000, 0x0000000740600000|100%| O|  |TAMS 0x0000000740400000| PB 0x0000000740400000| Untracked 
|   3|0x0000000740600000, 0x0000000740800000, 0x0000000740800000|100%| O|  |TAMS 0x0000000740600000| PB 0x0000000740600000| Untracked 
|   4|0x0000000740800000, 0x0000000740a00000, 0x0000000740a00000|100%| O|  |TAMS 0x0000000740800000| PB 0x0000000740800000| Untracked 
|   5|0x0000000740a00000, 0x0000000740c00000, 0x0000000740c00000|100%| O|  |TAMS 0x0000000740a00000| PB 0x0000000740a00000| Untracked 
|   6|0x0000000740c00000, 0x0000000740e00000, 0x0000000740e00000|100%| O|  |TAMS 0x0000000740c00000| PB 0x0000000740c00000| Untracked 
|   7|0x0000000740e00000, 0x0000000741000000, 0x0000000741000000|100%| O|  |TAMS 0x0000000740e00000| PB 0x0000000740e00000| Untracked 
|   8|0x0000000741000000, 0x0000000741200000, 0x0000000741200000|100%| O|  |TAMS 0x0000000741000000| PB 0x0000000741000000| Untracked 
|   9|0x0000000741200000, 0x0000000741400000, 0x0000000741400000|100%| O|  |TAMS 0x0000000741200000| PB 0x0000000741200000| Untracked 
|  10|0x0000000741400000, 0x0000000741600000, 0x0000000741600000|100%| O|  |TAMS 0x0000000741400000| PB 0x0000000741400000| Untracked 
|  11|0x0000000741600000, 0x0000000741800000, 0x0000000741800000|100%| O|  |TAMS 0x0000000741600000| PB 0x0000000741600000| Untracked 
|  12|0x0000000741800000, 0x0000000741a00000, 0x0000000741a00000|100%| O|  |TAMS 0x0000000741800000| PB 0x0000000741800000| Untracked 
|  13|0x0000000741a00000, 0x0000000741c00000, 0x0000000741c00000|100%| O|  |TAMS 0x0000000741a00000| PB 0x0000000741a00000| Untracked 
|  14|0x0000000741c00000, 0x0000000741e00000, 0x0000000741e00000|100%| O|  |TAMS 0x0000000741c00000| PB 0x0000000741c00000| Untracked 
|  15|0x0000000741e00000, 0x0000000742000000, 0x0000000742000000|100%| O|  |TAMS 0x0000000741e00000| PB 0x0000000741e00000| Untracked 
|  16|0x0000000742000000, 0x000000074211d400, 0x0000000742200000| 55%| O|  |TAMS 0x0000000742000000| PB 0x0000000742000000| Untracked 
|  17|0x0000000742200000, 0x0000000742200000, 0x0000000742400000|  0%| F|  |TAMS 0x0000000742200000| PB 0x0000000742200000| Untracked 
|  18|0x0000000742400000, 0x0000000742400000, 0x0000000742600000|  0%| F|  |TAMS 0x0000000742400000| PB 0x0000000742400000| Untracked 
|  19|0x0000000742600000, 0x0000000742800000, 0x0000000742800000|100%| O|  |TAMS 0x0000000742600000| PB 0x0000000742600000| Untracked 
|  20|0x0000000742800000, 0x0000000742800000, 0x0000000742a00000|  0%| F|  |TAMS 0x0000000742800000| PB 0x0000000742800000| Untracked 
|  21|0x0000000742a00000, 0x0000000742a00000, 0x0000000742c00000|  0%| F|  |TAMS 0x0000000742a00000| PB 0x0000000742a00000| Untracked 
|  22|0x0000000742c00000, 0x0000000742c00000, 0x0000000742e00000|  0%| F|  |TAMS 0x0000000742c00000| PB 0x0000000742c00000| Untracked 
|  23|0x0000000742e00000, 0x0000000742f91490, 0x0000000743000000| 78%| E|  |TAMS 0x0000000742e00000| PB 0x0000000742e00000| Complete 
|  24|0x0000000743000000, 0x0000000743197130, 0x0000000743200000| 79%| S|CS|TAMS 0x0000000743000000| PB 0x0000000743000000| Complete 
|  25|0x0000000743200000, 0x0000000743400000, 0x0000000743400000|100%| E|CS|TAMS 0x0000000743200000| PB 0x0000000743200000| Complete 
|  26|0x0000000743400000, 0x0000000743600000, 0x0000000743600000|100%| E|CS|TAMS 0x0000000743400000| PB 0x0000000743400000| Complete 
|  27|0x0000000743600000, 0x0000000743800000, 0x0000000743800000|100%| E|CS|TAMS 0x0000000743600000| PB 0x0000000743600000| Complete 
|  28|0x0000000743800000, 0x0000000743a00000, 0x0000000743a00000|100%| E|CS|TAMS 0x0000000743800000| PB 0x0000000743800000| Complete 
|  29|0x0000000743a00000, 0x0000000743c00000, 0x0000000743c00000|100%| E|CS|TAMS 0x0000000743a00000| PB 0x0000000743a00000| Complete 
|  30|0x0000000743c00000, 0x0000000743e00000, 0x0000000743e00000|100%| E|CS|TAMS 0x0000000743c00000| PB 0x0000000743c00000| Complete 
|  31|0x0000000743e00000, 0x0000000744000000, 0x0000000744000000|100%| E|CS|TAMS 0x0000000743e00000| PB 0x0000000743e00000| Complete 
|  32|0x0000000744000000, 0x0000000744200000, 0x0000000744200000|100%| E|CS|TAMS 0x0000000744000000| PB 0x0000000744000000| Complete 
|  33|0x0000000744200000, 0x0000000744400000, 0x0000000744400000|100%| E|CS|TAMS 0x0000000744200000| PB 0x0000000744200000| Complete 
|  34|0x0000000744400000, 0x0000000744600000, 0x0000000744600000|100%| E|CS|TAMS 0x0000000744400000| PB 0x0000000744400000| Complete 
|  35|0x0000000744600000, 0x0000000744800000, 0x0000000744800000|100%| E|CS|TAMS 0x0000000744600000| PB 0x0000000744600000| Complete 
|  36|0x0000000744800000, 0x0000000744a00000, 0x0000000744a00000|100%| E|CS|TAMS 0x0000000744800000| PB 0x0000000744800000| Complete 
| 117|0x000000074ea00000, 0x000000074ec00000, 0x000000074ec00000|100%| E|CS|TAMS 0x000000074ea00000| PB 0x000000074ea00000| Complete 
| 118|0x000000074ec00000, 0x000000074ee00000, 0x000000074ee00000|100%| E|CS|TAMS 0x000000074ec00000| PB 0x000000074ec00000| Complete 
| 119|0x000000074ee00000, 0x000000074f000000, 0x000000074f000000|100%| E|CS|TAMS 0x000000074ee00000| PB 0x000000074ee00000| Complete 
| 120|0x000000074f000000, 0x000000074f200000, 0x000000074f200000|100%| E|CS|TAMS 0x000000074f000000| PB 0x000000074f000000| Complete 
| 121|0x000000074f200000, 0x000000074f400000, 0x000000074f400000|100%| E|CS|TAMS 0x000000074f200000| PB 0x000000074f200000| Complete 
| 126|0x000000074fc00000, 0x000000074fe00000, 0x000000074fe00000|100%| E|CS|TAMS 0x000000074fc00000| PB 0x000000074fc00000| Complete 

Card table byte_map: [0x000001bbd4060000,0x000001bbd4660000] _byte_map_base: 0x000001bbd0660000

Marking Bits: (CMBitMap*) 0x000001bbc064a410
 Bits: [0x000001bbd4660000, 0x000001bbd7660000)

Polling page: 0x000001bbbe4e0000

Metaspace:

Usage:
  Non-class:     47.26 MB used.
      Class:      7.43 MB used.
       Both:     54.70 MB used.

Virtual space:
  Non-class space:       64.00 MB reserved,      48.06 MB ( 75%) committed,  1 nodes.
      Class space:      624.00 MB reserved,       8.19 MB (  1%) committed,  1 nodes.
             Both:      688.00 MB reserved,      56.25 MB (  8%) committed. 

Chunk freelists:
   Non-Class:  15.66 MB
       Class:  7.69 MB
        Both:  23.35 MB

MaxMetaspaceSize: 768.00 MB
CompressedClassSpaceSize: 624.00 MB
Initial GC threshold: 21.00 MB
Current GC threshold: 59.31 MB
CDS: off
 - commit_granule_bytes: 65536.
 - commit_granule_words: 8192.
 - virtual_space_node_default_size: 8388608.
 - enlarge_chunks_in_place: 1.
 - use_allocation_guard: 0.


Internal statistics:

num_allocs_failed_limit: 6.
num_arena_births: 2988.
num_arena_deaths: 0.
num_vsnodes_births: 2.
num_vsnodes_deaths: 0.
num_space_committed: 900.
num_space_uncommitted: 0.
num_chunks_returned_to_freelist: 6.
num_chunks_taken_from_freelist: 5232.
num_chunk_merges: 3.
num_chunk_splits: 3381.
num_chunks_enlarged: 2065.
num_inconsistent_stats: 0.

CodeHeap 'non-profiled nmethods': size=128192Kb used=3057Kb max_used=3057Kb free=125134Kb
 bounds [0x000001bbcba00000, 0x000001bbcbd00000, 0x000001bbd3730000]
CodeHeap 'profiled nmethods': size=128192Kb used=9085Kb max_used=9085Kb free=119106Kb
 bounds [0x000001bbc3730000, 0x000001bbc4010000, 0x000001bbcb460000]
CodeHeap 'non-nmethods': size=5760Kb used=1937Kb max_used=2018Kb free=3823Kb
 bounds [0x000001bbcb460000, 0x000001bbcb6d0000, 0x000001bbcba00000]
 total_blobs=5354 nmethods=4635 adapters=623
 compilation: enabled
              stopped_count=0, restarted_count=0
 full_count=0

Compilation events (20 events):
Event: 6.080 Thread 0x000001bbda2a9f50 nmethod 5011 0x000001bbc3fe2a90 code [0x000001bbc3fe2c40, 0x000001bbc3fe2e20]
Event: 6.080 Thread 0x000001bbda2a9f50 5012       3       java.lang.reflect.Method::toShortSignature (78 bytes)
Event: 6.080 Thread 0x000001bbda2a9f50 nmethod 5012 0x000001bbc3fe2f10 code [0x000001bbc3fe3180, 0x000001bbc3fe3908]
Event: 6.082 Thread 0x000001bbda2a9f50 5013       3       org.gradle.internal.service.DefaultServiceRegistry$ParentServices::getAll (13 bytes)
Event: 6.082 Thread 0x000001bbda2a9f50 nmethod 5013 0x000001bbc3fe3c90 code [0x000001bbc3fe3e40, 0x000001bbc3fe4020]
Event: 6.100 Thread 0x000001bbda2a9f50 5015       3       org.objectweb.asm.ClassReader::readInt (52 bytes)
Event: 6.100 Thread 0x000001bbda2a9f50 nmethod 5015 0x000001bbc3fe4110 code [0x000001bbc3fe42c0, 0x000001bbc3fe4498]
Event: 6.106 Thread 0x000001bbda2a9f50 5017       3       org.objectweb.asm.Label::accept (69 bytes)
Event: 6.106 Thread 0x000001bbda2a9f50 nmethod 5017 0x000001bbc3fe4610 code [0x000001bbc3fe4800, 0x000001bbc3fe4d40]
Event: 6.106 Thread 0x000001bbda2a9f50 5020       3       org.objectweb.asm.ClassReader::readLabel (20 bytes)
Event: 6.107 Thread 0x000001bbda2a9f50 nmethod 5020 0x000001bbc3fe4f10 code [0x000001bbc3fe50e0, 0x000001bbc3fe5508]
Event: 6.107 Thread 0x000001bbda2a9f50 5018       3       org.objectweb.asm.Label::addLineNumber (106 bytes)
Event: 6.107 Thread 0x000001bbda2a9f50 nmethod 5018 0x000001bbc3fe5690 code [0x000001bbc3fe5860, 0x000001bbc3fe5d88]
Event: 6.107 Thread 0x000001bbda2a9f50 5019       3       org.objectweb.asm.MethodWriter::visitLineNumber (50 bytes)
Event: 6.107 Thread 0x000001bbda2a9f50 nmethod 5019 0x000001bbc3fe5f10 code [0x000001bbc3fe6100, 0x000001bbc3fe65b0]
Event: 6.120 Thread 0x000001bbda2a9f50 5022       3       org.objectweb.asm.MethodWriter::visitLocalVariable (222 bytes)
Event: 6.120 Thread 0x000001bbda661670 nmethod 4996 0x000001bbcbcf8490 code [0x000001bbcbcf87c0, 0x000001bbcbcfa8a0]
Event: 6.120 Thread 0x000001bbda661670 5014       4       jdk.internal.org.objectweb.asm.ClassWriter::toByteArray (1517 bytes)
Event: 6.121 Thread 0x000001bbda2a9f50 nmethod 5022 0x000001bbc3fe6790 code [0x000001bbc3fe6ae0, 0x000001bbc3fe7cb8]
Event: 6.121 Thread 0x000001bbda2a9f50 5023       3       org.objectweb.asm.ClassReader::readCode (5117 bytes)

GC Heap History (20 events):
Event: 1.226 GC heap before
{Heap before GC invocations=1 (full 0):
 garbage-first heap   total 260096K, used 51455K [0x0000000740000000, 0x0000000800000000)
  region size 2048K, 24 young (49152K), 2 survivors (4096K)
 Metaspace       used 12182K, committed 12352K, reserved 704512K
  class space    used 1282K, committed 1344K, reserved 638976K
}
Event: 1.232 GC heap after
{Heap after GC invocations=2 (full 0):
 garbage-first heap   total 260096K, used 11694K [0x0000000740000000, 0x0000000800000000)
  region size 2048K, 3 young (6144K), 3 survivors (6144K)
 Metaspace       used 12182K, committed 12352K, reserved 704512K
  class space    used 1282K, committed 1344K, reserved 638976K
}
Event: 2.068 GC heap before
{Heap before GC invocations=2 (full 0):
 garbage-first heap   total 260096K, used 64942K [0x0000000740000000, 0x0000000800000000)
  region size 2048K, 30 young (61440K), 3 survivors (6144K)
 Metaspace       used 19942K, committed 20288K, reserved 704512K
  class space    used 2261K, committed 2432K, reserved 638976K
}
Event: 2.075 GC heap after
{Heap after GC invocations=3 (full 0):
 garbage-first heap   total 260096K, used 19690K [0x0000000740000000, 0x0000000800000000)
  region size 2048K, 4 young (8192K), 4 survivors (8192K)
 Metaspace       used 19942K, committed 20288K, reserved 704512K
  class space    used 2261K, committed 2432K, reserved 638976K
}
Event: 2.194 GC heap before
{Heap before GC invocations=3 (full 0):
 garbage-first heap   total 260096K, used 27882K [0x0000000740000000, 0x0000000800000000)
  region size 2048K, 9 young (18432K), 4 survivors (8192K)
 Metaspace       used 21168K, committed 21504K, reserved 704512K
  class space    used 2440K, committed 2560K, reserved 638976K
}
Event: 2.198 GC heap after
{Heap after GC invocations=4 (full 0):
 garbage-first heap   total 260096K, used 20909K [0x0000000740000000, 0x0000000800000000)
  region size 2048K, 5 young (10240K), 5 survivors (10240K)
 Metaspace       used 21168K, committed 21504K, reserved 704512K
  class space    used 2440K, committed 2560K, reserved 638976K
}
Event: 3.275 GC heap before
{Heap before GC invocations=5 (full 0):
 garbage-first heap   total 75776K, used 74157K [0x0000000740000000, 0x0000000800000000)
  region size 2048K, 31 young (63488K), 5 survivors (10240K)
 Metaspace       used 29332K, committed 30016K, reserved 704512K
  class space    used 3720K, committed 4032K, reserved 638976K
}
Event: 3.281 GC heap after
{Heap after GC invocations=6 (full 0):
 garbage-first heap   total 88064K, used 23387K [0x0000000740000000, 0x0000000800000000)
  region size 2048K, 6 young (12288K), 6 survivors (12288K)
 Metaspace       used 29332K, committed 30016K, reserved 704512K
  class space    used 3720K, committed 4032K, reserved 638976K
}
Event: 3.945 GC heap before
{Heap before GC invocations=6 (full 0):
 garbage-first heap   total 88064K, used 62299K [0x0000000740000000, 0x0000000800000000)
  region size 2048K, 25 young (51200K), 6 survivors (12288K)
 Metaspace       used 34348K, committed 35200K, reserved 704512K
  class space    used 4546K, committed 4928K, reserved 638976K
}
Event: 3.951 GC heap after
{Heap after GC invocations=7 (full 0):
 garbage-first heap   total 88064K, used 26277K [0x0000000740000000, 0x0000000800000000)
  region size 2048K, 4 young (8192K), 4 survivors (8192K)
 Metaspace       used 34348K, committed 35200K, reserved 704512K
  class space    used 4546K, committed 4928K, reserved 638976K
}
Event: 4.040 GC heap before
{Heap before GC invocations=7 (full 0):
 garbage-first heap   total 88064K, used 32421K [0x0000000740000000, 0x0000000800000000)
  region size 2048K, 8 young (16384K), 4 survivors (8192K)
 Metaspace       used 35386K, committed 36160K, reserved 704512K
  class space    used 4699K, committed 5056K, reserved 638976K
}
Event: 4.044 GC heap after
{Heap after GC invocations=8 (full 0):
 garbage-first heap   total 88064K, used 26632K [0x0000000740000000, 0x0000000800000000)
  region size 2048K, 2 young (4096K), 2 survivors (4096K)
 Metaspace       used 35386K, committed 36160K, reserved 704512K
  class space    used 4699K, committed 5056K, reserved 638976K
}
Event: 4.506 GC heap before
{Heap before GC invocations=9 (full 0):
 garbage-first heap   total 88064K, used 71688K [0x0000000740000000, 0x0000000800000000)
  region size 2048K, 24 young (49152K), 2 survivors (4096K)
 Metaspace       used 41895K, committed 42752K, reserved 704512K
  class space    used 5424K, committed 5824K, reserved 638976K
}
Event: 4.511 GC heap after
{Heap after GC invocations=10 (full 0):
 garbage-first heap   total 88064K, used 31273K [0x0000000740000000, 0x0000000800000000)
  region size 2048K, 3 young (6144K), 3 survivors (6144K)
 Metaspace       used 41895K, committed 42752K, reserved 704512K
  class space    used 5424K, committed 5824K, reserved 638976K
}
Event: 4.820 GC heap before
{Heap before GC invocations=10 (full 0):
 garbage-first heap   total 88064K, used 70185K [0x0000000740000000, 0x0000000800000000)
  region size 2048K, 23 young (47104K), 3 survivors (6144K)
 Metaspace       used 44634K, committed 45632K, reserved 704512K
  class space    used 5730K, committed 6208K, reserved 638976K
}
Event: 4.826 GC heap after
{Heap after GC invocations=11 (full 0):
 garbage-first heap   total 88064K, used 33062K [0x0000000740000000, 0x0000000800000000)
  region size 2048K, 1 young (2048K), 1 survivors (2048K)
 Metaspace       used 44634K, committed 45632K, reserved 704512K
  class space    used 5730K, committed 6208K, reserved 638976K
}
Event: 5.353 GC heap before
{Heap before GC invocations=11 (full 0):
 garbage-first heap   total 88064K, used 74022K [0x0000000740000000, 0x0000000800000000)
  region size 2048K, 21 young (43008K), 1 survivors (2048K)
 Metaspace       used 49490K, committed 50880K, reserved 704512K
  class space    used 6540K, committed 7232K, reserved 638976K
}
Event: 5.356 GC heap after
{Heap after GC invocations=12 (full 0):
 garbage-first heap   total 88064K, used 36159K [0x0000000740000000, 0x0000000800000000)
  region size 2048K, 3 young (6144K), 3 survivors (6144K)
 Metaspace       used 49490K, committed 50880K, reserved 704512K
  class space    used 6540K, committed 7232K, reserved 638976K
}
Event: 5.710 GC heap before
{Heap before GC invocations=12 (full 0):
 garbage-first heap   total 88064K, used 73023K [0x0000000740000000, 0x0000000800000000)
  region size 2048K, 21 young (43008K), 3 survivors (6144K)
 Metaspace       used 52558K, committed 54080K, reserved 704512K
  class space    used 7025K, committed 7744K, reserved 638976K
}
Event: 5.714 GC heap after
{Heap after GC invocations=13 (full 0):
 garbage-first heap   total 88064K, used 37585K [0x0000000740000000, 0x0000000800000000)
  region size 2048K, 1 young (2048K), 1 survivors (2048K)
 Metaspace       used 52558K, committed 54080K, reserved 704512K
  class space    used 7025K, committed 7744K, reserved 638976K
}

Dll operation events (3 events):
Event: 0.011 Loaded shared library C:\Program Files\Android\Android Studio\jbr\bin\java.dll
Event: 0.017 Loaded shared library C:\Program Files\Android\Android Studio\jbr\bin\zip.dll
Event: 0.562 Loaded shared library C:\Program Files\Android\Android Studio\jbr\bin\verify.dll

Deoptimization events (20 events):
Event: 6.053 Thread 0x000001bbe0401430 Uncommon trap: trap_request=0xffffff45 fr.pc=0x000001bbcbbf3d34 relative=0x0000000000000114
Event: 6.053 Thread 0x000001bbe0401430 Uncommon trap: reason=unstable_if action=reinterpret pc=0x000001bbcbbf3d34 method=org.objectweb.asm.ByteVector.putShort(I)Lorg/objectweb/asm/ByteVector; @ 13 c2
Event: 6.053 Thread 0x000001bbe0401430 DEOPT PACKING pc=0x000001bbcbbf3d34 sp=0x000000263b0f5fa0
Event: 6.053 Thread 0x000001bbe0401430 DEOPT UNPACKING pc=0x000001bbcb4b46a2 sp=0x000000263b0f5f38 mode 2
Event: 6.053 Thread 0x000001bbe0401430 Uncommon trap: trap_request=0xffffff45 fr.pc=0x000001bbcbcde734 relative=0x0000000000000434
Event: 6.053 Thread 0x000001bbe0401430 Uncommon trap: reason=unstable_if action=reinterpret pc=0x000001bbcbcde734 method=org.objectweb.asm.MethodWriter.visitVarInsn(II)V @ 108 c2
Event: 6.053 Thread 0x000001bbe0401430 DEOPT PACKING pc=0x000001bbcbcde734 sp=0x000000263b0f5dd0
Event: 6.053 Thread 0x000001bbe0401430 DEOPT UNPACKING pc=0x000001bbcb4b46a2 sp=0x000000263b0f5d88 mode 2
Event: 6.100 Thread 0x000001bbe0401430 Uncommon trap: trap_request=0xffffffd6 fr.pc=0x000001bbcbccb9c0 relative=0x0000000000000400
Event: 6.100 Thread 0x000001bbe0401430 Uncommon trap: reason=array_check action=maybe_recompile pc=0x000001bbcbccb9c0 method=java.util.LinkedHashMap.keysToArray([Ljava/lang/Object;Z)[Ljava/lang/Object; @ 67 c2
Event: 6.100 Thread 0x000001bbe0401430 DEOPT PACKING pc=0x000001bbcbccb9c0 sp=0x000000263b0f2470
Event: 6.100 Thread 0x000001bbe0401430 DEOPT UNPACKING pc=0x000001bbcb4b46a2 sp=0x000000263b0f2410 mode 2
Event: 6.106 Thread 0x000001bbe0401430 Uncommon trap: trap_request=0xffffffd6 fr.pc=0x000001bbcbccb9c0 relative=0x0000000000000400
Event: 6.106 Thread 0x000001bbe0401430 Uncommon trap: reason=array_check action=maybe_recompile pc=0x000001bbcbccb9c0 method=java.util.LinkedHashMap.keysToArray([Ljava/lang/Object;Z)[Ljava/lang/Object; @ 67 c2
Event: 6.106 Thread 0x000001bbe0401430 DEOPT PACKING pc=0x000001bbcbccb9c0 sp=0x000000263b0f2470
Event: 6.106 Thread 0x000001bbe0401430 DEOPT UNPACKING pc=0x000001bbcb4b46a2 sp=0x000000263b0f2410 mode 2
Event: 6.119 Thread 0x000001bbe0401430 Uncommon trap: trap_request=0xffffffd6 fr.pc=0x000001bbcbccb9c0 relative=0x0000000000000400
Event: 6.119 Thread 0x000001bbe0401430 Uncommon trap: reason=array_check action=maybe_recompile pc=0x000001bbcbccb9c0 method=java.util.LinkedHashMap.keysToArray([Ljava/lang/Object;Z)[Ljava/lang/Object; @ 67 c2
Event: 6.119 Thread 0x000001bbe0401430 DEOPT PACKING pc=0x000001bbcbccb9c0 sp=0x000000263b0f2470
Event: 6.119 Thread 0x000001bbe0401430 DEOPT UNPACKING pc=0x000001bbcb4b46a2 sp=0x000000263b0f2410 mode 2

Classes loaded (20 events):
Event: 5.545 Loading class java/util/concurrent/atomic/AtomicReferenceFieldUpdater
Event: 5.545 Loading class java/util/concurrent/atomic/AtomicReferenceFieldUpdater done
Event: 5.545 Loading class java/util/concurrent/atomic/AtomicReferenceFieldUpdater$AtomicReferenceFieldUpdaterImpl
Event: 5.545 Loading class java/util/concurrent/atomic/AtomicReferenceFieldUpdater$AtomicReferenceFieldUpdaterImpl done
Event: 5.545 Loading class java/util/concurrent/atomic/AtomicReferenceFieldUpdater$AtomicReferenceFieldUpdaterImpl$1
Event: 5.545 Loading class java/util/concurrent/atomic/AtomicReferenceFieldUpdater$AtomicReferenceFieldUpdaterImpl$1 done
Event: 5.631 Loading class java/util/DualPivotQuicksort
Event: 5.631 Loading class java/util/DualPivotQuicksort done
Event: 5.654 Loading class java/util/stream/ReduceOps$2
Event: 5.654 Loading class java/util/stream/ReduceOps$2 done
Event: 5.654 Loading class java/util/stream/ReduceOps$2ReducingSink
Event: 5.654 Loading class java/util/stream/ReduceOps$2ReducingSink done
Event: 5.662 Loading class java/lang/StringIndexOutOfBoundsException
Event: 5.662 Loading class java/lang/StringIndexOutOfBoundsException done
Event: 5.856 Loading class java/nio/file/AtomicMoveNotSupportedException
Event: 5.856 Loading class java/nio/file/AtomicMoveNotSupportedException done
Event: 5.870 Loading class java/io/FileWriter
Event: 5.870 Loading class java/io/FileWriter done
Event: 6.033 Loading class java/util/function/LongUnaryOperator
Event: 6.033 Loading class java/util/function/LongUnaryOperator done

Classes unloaded (0 events):
No events

Classes redefined (0 events):
No events

Internal exceptions (20 events):
Event: 5.327 Thread 0x000001bbe0401430 Exception <a 'java/lang/NoSuchMethodError'{0x000000074311c6d0}: 'java.lang.Object java.lang.invoke.DirectMethodHandle$Holder.invokeVirtual(java.lang.Object, java.lang.Object, java.lang.Object, java.lang.Object, java.lang.Object, java.lang.Object, java.lang.Object, java.lang.Object, java.lang.Object, java.lang.Object, java.lang.Object, java.lang.Object, java.lang.Object, java.lang.Object, java.lang.Object)'> (0x000000074311c6d0) 
thrown [s\src\hotspot\share\interpreter\linkResolver.cpp, line 784]
Event: 5.334 Thread 0x000001bbe0401430 Exception <a 'java/lang/NoSuchMethodError'{0x00000007431f33d0}: 'java.lang.Object java.lang.invoke.DirectMethodHandle$Holder.newInvokeSpecial(java.lang.Object, java.lang.Object, java.lang.Object, java.lang.Object, java.lang.Object, java.lang.Object, java.lang.Object, java.lang.Object, java.lang.Object, java.lang.Object, java.lang.Object, java.lang.Object, java.lang.Object)'> (0x00000007431f33d0) 
thrown [s\src\hotspot\share\interpreter\linkResolver.cpp, line 784]
Event: 5.370 Thread 0x000001bbe0401430 Exception <a 'java/lang/NoSuchMethodError'{0x000000074fd567b0}: 'java.lang.Object java.lang.invoke.DirectMethodHandle$Holder.newInvokeSpecial(java.lang.Object, java.lang.Object, java.lang.Object, java.lang.Object, int)'> (0x000000074fd567b0) 
thrown [s\src\hotspot\share\interpreter\linkResolver.cpp, line 784]
Event: 5.371 Thread 0x000001bbe0401430 Exception <a 'java/lang/NoSuchMethodError'{0x000000074fd5b7a8}: 'java.lang.Object java.lang.invoke.DirectMethodHandle$Holder.invokeSpecial(java.lang.Object, java.lang.Object, java.lang.Object, java.lang.Object, java.lang.Object, int)'> (0x000000074fd5b7a8) 
thrown [s\src\hotspot\share\interpreter\linkResolver.cpp, line 784]
Event: 5.371 Thread 0x000001bbe0401430 Exception <a 'java/lang/NoSuchMethodError'{0x000000074fd5ff28}: 'java.lang.Object java.lang.invoke.Invokers$Holder.linkToTargetMethod(java.lang.Object, java.lang.Object, java.lang.Object, int, java.lang.Object)'> (0x000000074fd5ff28) 
thrown [s\src\hotspot\share\interpreter\linkResolver.cpp, line 784]
Event: 5.395 Thread 0x000001bbe0401430 Exception <a 'java/lang/NoSuchMethodError'{0x000000074f359b30}: 'int java.lang.invoke.DirectMethodHandle$Holder.invokeInterface(java.lang.Object, java.lang.Object, java.lang.Object, java.lang.Object)'> (0x000000074f359b30) 
thrown [s\src\hotspot\share\interpreter\linkResolver.cpp, line 784]
Event: 5.421 Thread 0x000001bbe0401430 Exception <a 'java/lang/NoSuchMethodError'{0x000000074f1bbd60}: 'java.lang.Object java.lang.invoke.DirectMethodHandle$Holder.invokeStatic(java.lang.Object, long, java.lang.Object)'> (0x000000074f1bbd60) 
thrown [s\src\hotspot\share\interpreter\linkResolver.cpp, line 784]
Event: 5.421 Thread 0x000001bbe0401430 Exception <a 'java/lang/NoSuchMethodError'{0x000000074f1c2f58}: 'java.lang.Object java.lang.invoke.DirectMethodHandle$Holder.newInvokeSpecial(java.lang.Object, long)'> (0x000000074f1c2f58) 
thrown [s\src\hotspot\share\interpreter\linkResolver.cpp, line 784]
Event: 5.426 Thread 0x000001bbe0401430 Exception <a 'java/lang/NoSuchMethodError'{0x000000074ee2f0a8}: 'java.lang.Object java.lang.invoke.Invokers$Holder.linkToTargetMethod(java.lang.Object, java.lang.Object, java.lang.Object, java.lang.Object, long, java.lang.Object, java.lang.Object)'> (0x000000074ee2f0a8) 
thrown [s\src\hotspot\share\interpreter\linkResolver.cpp, line 784]
Event: 5.430 Thread 0x000001bbe0401430 Exception <a 'java/lang/NoSuchMethodError'{0x000000074ee78380}: 'java.lang.Object java.lang.invoke.DirectMethodHandle$Holder.invokeSpecial(java.lang.Object, java.lang.Object, java.lang.Object, java.lang.Object, long, java.lang.Object)'> (0x000000074ee78380) 
thrown [s\src\hotspot\share\interpreter\linkResolver.cpp, line 784]
Event: 5.430 Thread 0x000001bbe0401430 Exception <a 'java/lang/NoSuchMethodError'{0x000000074ee7c650}: 'java.lang.Object java.lang.invoke.Invokers$Holder.linkToTargetMethod(java.lang.Object, java.lang.Object, long, java.lang.Object, java.lang.Object)'> (0x000000074ee7c650) 
thrown [s\src\hotspot\share\interpreter\linkResolver.cpp, line 784]
Event: 5.454 Thread 0x000001bbe0401430 Exception <a 'java/lang/NoSuchMethodError'{0x000000074ece0098}: 'java.lang.Object java.lang.invoke.DirectMethodHandle$Holder.newInvokeSpecial(java.lang.Object, java.lang.Object, java.lang.Object, java.lang.Object, java.lang.Object, java.lang.Object, java.lang.Object, java.lang.Object, java.lang.Object, java.lang.Object, java.lang.Object, java.lang.Object, java.lang.Object, java.lang.Object, java.lang.Object, java.lang.Object, java.lang.Object, java.lang.Object, java.lang.Object, java.lang.Object, java.lang
Event: 5.497 Thread 0x000001bbe0401430 Implicit null exception at 0x000001bbcba30080 to 0x000001bbcba3013c
Event: 5.634 Thread 0x000001bbe0401430 Exception <a 'java/lang/IncompatibleClassChangeError'{0x00000007440d6ce0}: Found class java.lang.Object, but interface was expected> (0x00000007440d6ce0) 
thrown [s\src\hotspot\share\interpreter\linkResolver.cpp, line 851]
Event: 5.686 Thread 0x000001bbe0401430 Exception <a 'sun/nio/fs/WindowsException'{0x0000000743f6b370}> (0x0000000743f6b370) 
thrown [s\src\hotspot\share\prims\jni.cpp, line 535]
Event: 5.687 Thread 0x000001bbe0401430 Exception <a 'sun/nio/fs/WindowsException'{0x0000000743f6d060}> (0x0000000743f6d060) 
thrown [s\src\hotspot\share\prims\jni.cpp, line 535]
Event: 5.688 Thread 0x000001bbe0401430 Exception <a 'sun/nio/fs/WindowsException'{0x0000000743f6ed40}> (0x0000000743f6ed40) 
thrown [s\src\hotspot\share\prims\jni.cpp, line 535]
Event: 5.689 Thread 0x000001bbe0401430 Exception <a 'sun/nio/fs/WindowsException'{0x0000000743f70628}> (0x0000000743f70628) 
thrown [s\src\hotspot\share\prims\jni.cpp, line 535]
Event: 6.033 Thread 0x000001bbe0401430 Exception <a 'java/lang/NoSuchMethodError'{0x0000000743de61a8}: 'long java.lang.invoke.DirectMethodHandle$Holder.invokeStatic(java.lang.Object, long)'> (0x0000000743de61a8) 
thrown [s\src\hotspot\share\interpreter\linkResolver.cpp, line 784]
Event: 6.053 Thread 0x000001bbe0401430 Implicit null exception at 0x000001bbcbcde3d1 to 0x000001bbcbcde728

ZGC Phase Switch (0 events):
No events

VM Operations (20 events):
Event: 4.820 Executing VM operation: G1CollectForAllocation (G1 Evacuation Pause)
Event: 4.826 Executing VM operation: G1CollectForAllocation (G1 Evacuation Pause) done
Event: 4.836 Executing VM operation: HandshakeAllThreads (Deoptimize)
Event: 4.836 Executing VM operation: HandshakeAllThreads (Deoptimize) done
Event: 4.837 Executing VM operation: HandshakeAllThreads (Deoptimize)
Event: 4.837 Executing VM operation: HandshakeAllThreads (Deoptimize) done
Event: 5.353 Executing VM operation: G1CollectForAllocation (G1 Evacuation Pause)
Event: 5.357 Executing VM operation: G1CollectForAllocation (G1 Evacuation Pause) done
Event: 5.362 Executing VM operation: HandshakeAllThreads (Deoptimize)
Event: 5.362 Executing VM operation: HandshakeAllThreads (Deoptimize) done
Event: 5.394 Executing VM operation: HandshakeAllThreads (Deoptimize)
Event: 5.394 Executing VM operation: HandshakeAllThreads (Deoptimize) done
Event: 5.710 Executing VM operation: G1CollectForAllocation (G1 Evacuation Pause)
Event: 5.714 Executing VM operation: G1CollectForAllocation (G1 Evacuation Pause) done
Event: 5.857 Executing VM operation: HandshakeAllThreads (Deoptimize)
Event: 5.857 Executing VM operation: HandshakeAllThreads (Deoptimize) done
Event: 5.870 Executing VM operation: HandshakeAllThreads (Deoptimize)
Event: 5.871 Executing VM operation: HandshakeAllThreads (Deoptimize) done
Event: 6.075 Executing VM operation: ICBufferFull
Event: 6.075 Executing VM operation: ICBufferFull done

Memory protections (0 events):
No events

Nmethod flushes (20 events):
Event: 4.056 Thread 0x000001bbda0de200 flushing  nmethod 0x000001bbc37ee610
Event: 4.056 Thread 0x000001bbda0de200 flushing  nmethod 0x000001bbc37eea90
Event: 4.056 Thread 0x000001bbda0de200 flushing  nmethod 0x000001bbc37efd90
Event: 4.056 Thread 0x000001bbda0de200 flushing  nmethod 0x000001bbc37f0d10
Event: 4.056 Thread 0x000001bbda0de200 flushing  nmethod 0x000001bbc37f1710
Event: 4.056 Thread 0x000001bbda0de200 flushing  nmethod 0x000001bbc37f2c90
Event: 4.056 Thread 0x000001bbda0de200 flushing  nmethod 0x000001bbc37f3510
Event: 4.056 Thread 0x000001bbda0de200 flushing  nmethod 0x000001bbc3824590
Event: 4.056 Thread 0x000001bbda0de200 flushing  nmethod 0x000001bbc3824d90
Event: 4.056 Thread 0x000001bbda0de200 flushing  nmethod 0x000001bbc382e310
Event: 4.056 Thread 0x000001bbda0de200 flushing  nmethod 0x000001bbc3835710
Event: 4.056 Thread 0x000001bbda0de200 flushing  nmethod 0x000001bbc38ec110
Event: 4.056 Thread 0x000001bbda0de200 flushing  nmethod 0x000001bbc38ed090
Event: 4.056 Thread 0x000001bbda0de200 flushing  nmethod 0x000001bbc38f2590
Event: 4.056 Thread 0x000001bbda0de200 flushing  nmethod 0x000001bbc3913d90
Event: 4.056 Thread 0x000001bbda0de200 flushing  nmethod 0x000001bbc3914890
Event: 4.056 Thread 0x000001bbda0de200 flushing  nmethod 0x000001bbc3a6bc10
Event: 4.056 Thread 0x000001bbda0de200 flushing  nmethod 0x000001bbc3a6e610
Event: 4.056 Thread 0x000001bbda0de200 flushing  nmethod 0x000001bbc3a70b90
Event: 4.056 Thread 0x000001bbda0de200 flushing  nmethod 0x000001bbc3b94190

Events (20 events):
Event: 2.045 Thread 0x000001bbda2a5840 Thread added: 0x000001bbda2a4490
Event: 2.048 Thread 0x000001bbda2a4490 Thread added: 0x000001bbda2a30e0
Event: 2.097 Thread 0x000001bbda2a4490 Thread added: 0x000001bbda2a4b20
Event: 2.105 Thread 0x000001bbda2a4490 Thread added: 0x000001bbe0401430
Event: 2.117 Thread 0x000001bbe0401430 Thread added: 0x000001bbe0402150
Event: 2.121 Thread 0x000001bbe0401430 Thread added: 0x000001bbe0404f40
Event: 2.123 Thread 0x000001bbe0401430 Thread added: 0x000001bbe0401ac0
Event: 2.495 Thread 0x000001bbe0401430 Thread added: 0x000001bbe0406980
Event: 2.505 Thread 0x000001bbe0401430 Thread added: 0x000001bbe03ff9f0
Event: 2.536 Thread 0x000001bbe0401430 Thread added: 0x000001bbe0400710
Event: 2.615 Loaded shared library C:\Users\i-seven\AppData\Local\Temp\native-platform7028304594882647468dir\gradle-fileevents.dll
Event: 3.729 Thread 0x000001bbe0401430 Thread added: 0x000001bbe04027e0
Event: 3.744 Thread 0x000001bbe0401430 Thread added: 0x000001bbe04055d0
Event: 3.906 Thread 0x000001bbe0401430 Thread added: 0x000001bbe0402e70
Event: 3.910 Thread 0x000001bbe0401430 Thread added: 0x000001bbe0403500
Event: 5.017 Thread 0x000001bbe0401430 Thread added: 0x000001bbe0403b90
Event: 5.054 Thread 0x000001bbe0401430 Thread added: 0x000001bbe0404220
Event: 5.192 Thread 0x000001bbe0401430 Thread added: 0x000001bbe04048b0
Event: 5.246 Thread 0x000001bbe0401430 Thread added: 0x000001bbe0400da0
Event: 5.670 Thread 0x000001bbe0401430 Thread added: 0x000001bbe0407010


Dynamic libraries:
0x00007ff643190000 - 0x00007ff64319a000 	C:\Program Files\Android\Android Studio\jbr\bin\java.exe
0x00007ff998bb0000 - 0x00007ff998da8000 	C:\Windows\SYSTEM32\ntdll.dll
0x00007ff998200000 - 0x00007ff9982c2000 	C:\Windows\System32\KERNEL32.DLL
0x00007ff9967d0000 - 0x00007ff996ac7000 	C:\Windows\System32\KERNELBASE.dll
0x00007ff996390000 - 0x00007ff996490000 	C:\Windows\System32\ucrtbase.dll
0x00007ff978470000 - 0x00007ff978488000 	C:\Program Files\Android\Android Studio\jbr\bin\jli.dll
0x00007ff982040000 - 0x00007ff98205b000 	C:\Program Files\Android\Android Studio\jbr\bin\VCRUNTIME140.dll
0x00007ff996d00000 - 0x00007ff996ea1000 	C:\Windows\System32\USER32.dll
0x00007ff996ad0000 - 0x00007ff996af2000 	C:\Windows\System32\win32u.dll
0x00007ff998780000 - 0x00007ff9987ab000 	C:\Windows\System32\GDI32.dll
0x00007ff996490000 - 0x00007ff9965a9000 	C:\Windows\System32\gdi32full.dll
0x00007ff975750000 - 0x00007ff9759eb000 	C:\Windows\WinSxS\amd64_microsoft.windows.common-controls_6595b64144ccf1df_6.0.19041.6456_none_60b8a6cb71f64256\COMCTL32.dll
0x00007ff9965b0000 - 0x00007ff99664d000 	C:\Windows\System32\msvcp_win.dll
0x00007ff998940000 - 0x00007ff9989de000 	C:\Windows\System32\msvcrt.dll
0x00007ff997ff0000 - 0x00007ff99801f000 	C:\Windows\System32\IMM32.DLL
0x0000000054580000 - 0x000000005458c000 	C:\Program Files (x86)\360\Total Security\safemon\SafeWrapper.dll
0x00007ff998880000 - 0x00007ff998931000 	C:\Windows\System32\ADVAPI32.dll
0x00007ff997e60000 - 0x00007ff997eff000 	C:\Windows\System32\sechost.dll
0x00007ff996be0000 - 0x00007ff996d00000 	C:\Windows\System32\RPCRT4.dll
0x00007ff996b90000 - 0x00007ff996bb7000 	C:\Windows\System32\bcrypt.dll
0x00007ff9640b0000 - 0x00007ff96415c000 	C:\Program Files (x86)\360\Total Security\safemon\libzdtp64.dll
0x00007ff9976e0000 - 0x00007ff997e51000 	C:\Windows\System32\SHELL32.dll
0x00007ff997f00000 - 0x00007ff997f5b000 	C:\Windows\System32\SHLWAPI.dll
0x00007ff995d90000 - 0x00007ff995d9a000 	C:\Windows\SYSTEM32\VERSION.dll
0x00007ff98e390000 - 0x00007ff98e39c000 	C:\Program Files\Android\Android Studio\jbr\bin\vcruntime140_1.dll
0x00007ff96a790000 - 0x00007ff96a81d000 	C:\Program Files\Android\Android Studio\jbr\bin\msvcp140.dll
0x00007ff8e2a90000 - 0x00007ff8e371b000 	C:\Program Files\Android\Android Studio\jbr\bin\server\jvm.dll
0x00007ff998630000 - 0x00007ff99869b000 	C:\Windows\System32\WS2_32.dll
0x00007ff995700000 - 0x00007ff99574b000 	C:\Windows\SYSTEM32\POWRPROF.dll
0x00007ff983410000 - 0x00007ff983437000 	C:\Windows\SYSTEM32\WINMM.dll
0x00007ff9955c0000 - 0x00007ff9955d2000 	C:\Windows\SYSTEM32\UMPDC.dll
0x00007ff9949d0000 - 0x00007ff9949e2000 	C:\Windows\SYSTEM32\kernel.appcore.dll
0x00007ff98e2c0000 - 0x00007ff98e2ca000 	C:\Program Files\Android\Android Studio\jbr\bin\jimage.dll
0x00007ff98f2d0000 - 0x00007ff98f4d1000 	C:\Windows\SYSTEM32\DBGHELP.DLL
0x00007ff98eea0000 - 0x00007ff98eed4000 	C:\Windows\SYSTEM32\dbgcore.DLL
0x00007ff996b00000 - 0x00007ff996b82000 	C:\Windows\System32\bcryptPrimitives.dll
0x00007ff978460000 - 0x00007ff97846e000 	C:\Program Files\Android\Android Studio\jbr\bin\instrument.dll
0x00007ff979920000 - 0x00007ff979940000 	C:\Program Files\Android\Android Studio\jbr\bin\java.dll
0x00007ff9747c0000 - 0x00007ff9747d8000 	C:\Program Files\Android\Android Studio\jbr\bin\zip.dll
0x00007ff994120000 - 0x00007ff9948c6000 	C:\Windows\SYSTEM32\windows.storage.dll
0x00007ff996eb0000 - 0x00007ff997203000 	C:\Windows\System32\combase.dll
0x00007ff995bf0000 - 0x00007ff995c1b000 	C:\Windows\SYSTEM32\Wldp.dll
0x00007ff9987b0000 - 0x00007ff99887d000 	C:\Windows\System32\OLEAUT32.dll
0x00007ff998020000 - 0x00007ff9980cd000 	C:\Windows\System32\SHCORE.dll
0x00007ff996160000 - 0x00007ff996184000 	C:\Windows\SYSTEM32\profapi.dll
0x00007ff98e1e0000 - 0x00007ff98e1f0000 	C:\Program Files\Android\Android Studio\jbr\bin\net.dll
0x00007ff98f580000 - 0x00007ff98f68a000 	C:\Windows\SYSTEM32\WINHTTP.dll
0x00007ff995950000 - 0x00007ff9959ba000 	C:\Windows\system32\mswsock.dll
0x00007ff965820000 - 0x00007ff965836000 	C:\Program Files\Android\Android Studio\jbr\bin\nio.dll
0x00007ff96c250000 - 0x00007ff96c260000 	C:\Program Files\Android\Android Studio\jbr\bin\verify.dll
0x00007ff93e2f0000 - 0x00007ff93e317000 	C:\Users\i-seven\.gradle\native\1def1411415f61bf3af743bc5b6707747c0891f09f0c88961ee8f79bc544acac\windows-amd64\native-platform.dll
0x00000000544d0000 - 0x0000000054543000 	C:\Users\i-seven\.gradle\native\0.2.5\x86_64-windows-gnu\gradle-fileevents.dll
0x00007ff982030000 - 0x00007ff982039000 	C:\Program Files\Android\Android Studio\jbr\bin\management.dll
0x00007ff979980000 - 0x00007ff97998b000 	C:\Program Files\Android\Android Studio\jbr\bin\management_ext.dll
0x00007ff998380000 - 0x00007ff998388000 	C:\Windows\System32\PSAPI.DLL
0x00007ff995b50000 - 0x00007ff995b68000 	C:\Windows\SYSTEM32\CRYPTSP.dll
0x00007ff995200000 - 0x00007ff995238000 	C:\Windows\system32\rsaenh.dll
0x00007ff996120000 - 0x00007ff99614e000 	C:\Windows\SYSTEM32\USERENV.dll
0x00007ff995b40000 - 0x00007ff995b4c000 	C:\Windows\SYSTEM32\CRYPTBASE.dll
0x00007ff9955e0000 - 0x00007ff99561b000 	C:\Windows\SYSTEM32\IPHLPAPI.DLL
0x00007ff998b60000 - 0x00007ff998b68000 	C:\Windows\System32\NSI.dll
0x00007ff98e3a0000 - 0x00007ff98e3a9000 	C:\Program Files\Android\Android Studio\jbr\bin\extnet.dll
0x00007ff91c630000 - 0x00007ff91c637000 	C:\Windows\system32\wshunix.dll
0x0000000054350000 - 0x00000000543c3000 	C:\Users\i-seven\AppData\Local\Temp\native-platform7028304594882647468dir\gradle-fileevents.dll

dbghelp: loaded successfully - version: 4.0.5 - missing functions: none
symbol engine: initialized successfully - sym options: 0x614 - pdb path: .;C:\Program Files\Android\Android Studio\jbr\bin;C:\Windows\SYSTEM32;C:\Windows\WinSxS\amd64_microsoft.windows.common-controls_6595b64144ccf1df_6.0.19041.6456_none_60b8a6cb71f64256;C:\Program Files (x86)\360\Total Security\safemon;C:\Program Files\Android\Android Studio\jbr\bin\server;C:\Users\i-seven\.gradle\native\1def1411415f61bf3af743bc5b6707747c0891f09f0c88961ee8f79bc544acac\windows-amd64;C:\Users\i-seven\.gradle\native\0.2.5\x86_64-windows-gnu;C:\Users\i-seven\AppData\Local\Temp\native-platform7028304594882647468dir

VM Arguments:
jvm_args: --add-opens=java.base/java.lang=ALL-UNNAMED --add-opens=java.base/java.lang.invoke=ALL-UNNAMED --add-opens=java.base/java.util=ALL-UNNAMED --add-opens=java.prefs/java.util.prefs=ALL-UNNAMED --add-exports=jdk.compiler/com.sun.tools.javac.api=ALL-UNNAMED --add-exports=jdk.compiler/com.sun.tools.javac.util=ALL-UNNAMED --add-opens=java.base/java.util=ALL-UNNAMED --add-opens=java.prefs/java.util.prefs=ALL-UNNAMED --add-opens=java.base/java.nio.charset=ALL-UNNAMED --add-opens=java.base/java.net=ALL-UNNAMED --add-opens=java.base/java.util.concurrent.atomic=ALL-UNNAMED --add-opens=java.xml/javax.xml.namespace=ALL-UNNAMED -XX:MaxMetaspaceSize=768m -XX:ReservedCodeCacheSize=256m -XX:+HeapDumpOnOutOfMemoryError -Xmx3072m -Dfile.encoding=UTF-8 -Duser.country=US -Duser.language=en -Duser.variant -javaagent:C:\Users\i-seven\.gradle\wrapper\dists\gradle-8.12-all\ejduaidbjup3bmmkhw3rie4zb\gradle-8.12\lib\agents\gradle-instrumentation-agent-8.12.jar 
java_command: org.gradle.launcher.daemon.bootstrap.GradleDaemon 8.12
java_class_path (initial): C:\Users\i-seven\.gradle\wrapper\dists\gradle-8.12-all\ejduaidbjup3bmmkhw3rie4zb\gradle-8.12\lib\gradle-daemon-main-8.12.jar
Launcher Type: SUN_STANDARD

[Global flags]
     intx CICompilerCount                          = 4                                         {product} {ergonomic}
   size_t CompressedClassSpaceSize                 = 654311424                                 {product} {ergonomic}
     uint ConcGCThreads                            = 2                                         {product} {ergonomic}
     uint G1ConcRefinementThreads                  = 8                                         {product} {ergonomic}
   size_t G1HeapRegionSize                         = 2097152                                   {product} {ergonomic}
    uintx GCDrainStackTargetSize                   = 64                                        {product} {ergonomic}
     bool HeapDumpOnOutOfMemoryError               = true                                   {manageable} {command line}
   size_t InitialHeapSize                          = 266338304                                 {product} {ergonomic}
   size_t MarkStackSize                            = 4194304                                   {product} {ergonomic}
   size_t MaxHeapSize                              = 3221225472                                {product} {command line}
   size_t MaxMetaspaceSize                         = 805306368                                 {product} {command line}
   size_t MaxNewSize                               = 1931476992                                {product} {ergonomic}
   size_t MinHeapDeltaBytes                        = 2097152                                   {product} {ergonomic}
   size_t MinHeapSize                              = 8388608                                   {product} {ergonomic}
    uintx NonNMethodCodeHeapSize                   = 5839372                                {pd product} {ergonomic}
    uintx NonProfiledCodeHeapSize                  = 131298042                              {pd product} {ergonomic}
    uintx ProfiledCodeHeapSize                     = 131298042                              {pd product} {ergonomic}
    uintx ReservedCodeCacheSize                    = 268435456                              {pd product} {command line}
     bool SegmentedCodeCache                       = true                                      {product} {ergonomic}
   size_t SoftMaxHeapSize                          = 3221225472                             {manageable} {ergonomic}
     bool UseCompressedOops                        = true                           {product lp64_product} {ergonomic}
     bool UseG1GC                                  = true                                      {product} {ergonomic}
     bool UseLargePagesIndividualAllocation        = false                                  {pd product} {ergonomic}

Logging:
Log output configuration:
 #0: stdout all=warning uptime,level,tags foldmultilines=false
 #1: stderr all=off uptime,level,tags foldmultilines=false

Environment Variables:
JAVA_HOME=C:\Program Files\Android\Android Studio\jbr
CLASSPATH=C:\Users\i-seven\Projects\zenverse\android\\gradle\wrapper\gradle-wrapper.jar
PATH=C:\Program Files\Android\Android Studio\jbr\bin;C:\Windows\System32;C:\src\flutter\bin;C:\Program Files (x86)\Windows Kits\10\Lib;C:\Program Files\CMake\bin;C:\ProgramData\chocolatey\bin;C:\MinGW\bin;c:\Users\i-seven\AppData\Local\Programs\cursor\resources\app\bin;C:\Program Files\Git\cmd;C:\Program Files\nodejs\;C:\Users\i-seven\AppData\Roaming\Microsoft\Windows\Start Menu\Programs\Windows PowerShell;C:\Program Files\Android\Android Studio\jbr\bin;C:\Windows\System32;C:\src\flutter\bin;C:\Users\i-seven\AppData\Local\Microsoft\WindowsApps;C:\Users\i-seven\.dotnet\tools;C:\Users\i-seven\AppData\Local\Programs\Microsoft VS Code\bin;D://UnLockCatch/tools/vcruntime;C:\Users\i-seven\AppData\Local\Pub\Cache\bin;C:\Users\i-seven\AppData\Roaming\Programs\Zero Install;C:\MinGW\bin;C:\Users\i-seven\AppData\Local\Programs\cursor\resources\app\bin;C:\Program Files\JetBrains\IntelliJ IDEA 2025.1.3\bin;;C:\Users\i-seven\AppData\Local\Python\bin;C:\Users\i-seven\AppData\Roaming\npm;C:\src\flutter\bin\mingit\cmd
USERNAME=i-seven
OS=Windows_NT
PROCESSOR_IDENTIFIER=Intel64 Family 6 Model 158 Stepping 10, GenuineIntel
TMP=C:\Users\i-seven\AppData\Local\Temp
TEMP=C:\Users\i-seven\AppData\Local\Temp




Periodic native trim disabled

JNI global refs:
JNI global refs: 28, weak refs: 5

JNI global refs memory usage: 835, weak refs: 833

Process memory usage:
Resident Set Size: 266268K (1% of 16529472K total physical memory with 1019488K free physical memory)

OOME stack traces (most recent first):
Classloader memory used:
Loader org.gradle.internal.classloader.VisitableURLClassLoader                         : 27142K
Loader bootstrap                                                                       : 22096K
Loader org.gradle.initialization.MixInLegacyTypesClassLoader                           : 6024K
Loader jdk.internal.loader.ClassLoaders$PlatformClassLoader                            : 497K
Loader jdk.internal.loader.ClassLoaders$AppClassLoader                                 : 232K
Loader org.gradle.internal.classloader.VisitableURLClassLoader                         : 29312B

Classes loaded by more than one classloader:
Class org.gradle.internal.classloader.FilteringClassLoader                            : loaded 2 times (x 101B)
Class org.gradle.internal.classloader.ClassLoaderHierarchy                            : loaded 2 times (x 66B)
Class org.gradle.api.internal.classpath.ManifestUtil                                  : loaded 2 times (x 67B)
Class org.gradle.internal.classloader.DefaultClassLoaderFactory                       : loaded 2 times (x 78B)
Class org.gradle.internal.classloader.ClassLoaderVisitor                              : loaded 2 times (x 72B)
Class org.gradle.api.internal.classpath.EffectiveClassPath                            : loaded 2 times (x 86B)
Class org.gradle.api.internal.DefaultClassPathProvider                                : loaded 2 times (x 72B)
Class [Lorg.gradle.api.internal.ClassPathProvider;                                    : loaded 2 times (x 65B)
Class org.gradle.api.internal.ClassPathProvider                                       : loaded 2 times (x 66B)
Class org.gradle.internal.service.UnknownServiceException                             : loaded 2 times (x 79B)
Class org.gradle.internal.classpath.TransformedClassPath                              : loaded 2 times (x 92B)
Class org.gradle.internal.classloader.InstrumentingClassLoader                        : loaded 2 times (x 66B)
Class org.gradle.internal.service.ServiceLocator                                      : loaded 2 times (x 66B)
Class org.gradle.internal.InternalTransformer                                         : loaded 2 times (x 66B)
Class org.gradle.internal.classloader.ClasspathUtil$1                                 : loaded 2 times (x 72B)
Class org.gradle.api.internal.classpath.DefaultModuleRegistry$DefaultModule           : loaded 2 times (x 82B)
Class org.gradle.api.internal.classpath.Module                                        : loaded 2 times (x 66B)
Class org.gradle.api.internal.classpath.UnknownModuleException                        : loaded 2 times (x 78B)
Class org.gradle.api.internal.DefaultClassPathRegistry                                : loaded 2 times (x 72B)
Class org.gradle.api.internal.ClassPathRegistry                                       : loaded 2 times (x 66B)
Class org.gradle.internal.classpath.DefaultClassPath$ImmutableUniqueList              : loaded 2 times (x 195B)
Class Settings_gradle$1                                                               : loaded 2 times (x 70B)
Class Program                                                                         : loaded 2 times (x 68B)
Class org.gradle.internal.classpath.ClassPath                                         : loaded 2 times (x 66B)
Class org.gradle.api.UncheckedIOException                                             : loaded 2 times (x 78B)
Class org.gradle.internal.installation.GradleInstallation$1                           : loaded 2 times (x 71B)
Class org.gradle.api.internal.classpath.ModuleRegistry                                : loaded 2 times (x 66B)
Class org.gradle.api.internal.classpath.DefaultModuleRegistry                         : loaded 2 times (x 82B)
Class org.gradle.internal.service.ServiceLookupException                              : loaded 2 times (x 78B)
Class org.gradle.internal.classloader.ClassLoaderFactory                              : loaded 2 times (x 66B)
Class org.gradle.internal.service.CachingServiceLocator                               : loaded 2 times (x 78B)
Class org.gradle.internal.classloader.ClasspathUtil                                   : loaded 2 times (x 67B)
Class org.gradle.api.specs.Spec                                                       : loaded 2 times (x 66B)
Class org.gradle.internal.classloader.VisitableURLClassLoader$InstrumentingVisitableURLClassLoader: loaded 2 times (x 119B)
Class org.gradle.internal.classloader.VisitableURLClassLoader$Spec                    : loaded 2 times (x 70B)
Class org.gradle.internal.classpath.DefaultClassPath                                  : loaded 2 times (x 86B)
Class org.gradle.internal.classloader.ClassLoaderSpec                                 : loaded 2 times (x 67B)
Class Settings_gradle$1$1                                                             : loaded 2 times (x 70B)
Class org.gradle.internal.classloader.VisitableURLClassLoader                         : loaded 2 times (x 113B)
Class Settings_gradle                                                                 : loaded 2 times (x 124B)
Class org.gradle.internal.Cast                                                        : loaded 2 times (x 67B)
Class org.gradle.api.Action                                                           : loaded 2 times (x 66B)
Class org.gradle.internal.classpath.DefaultClassPath$ImmutableUniqueList$Builder      : loaded 2 times (x 71B)
Class org.gradle.api.GradleException                                                  : loaded 2 times (x 78B)
Class org.gradle.internal.IoActions                                                   : loaded 2 times (x 67B)
Class org.gradle.internal.classloader.SystemClassLoaderSpec                           : loaded 2 times (x 67B)
Class org.gradle.api.internal.classpath.GlobalCacheRootsProvider                      : loaded 2 times (x 66B)
Class org.gradle.internal.installation.CurrentGradleInstallationLocator               : loaded 2 times (x 67B)
Class org.gradle.internal.service.DefaultServiceLocator                               : loaded 2 times (x 79B)
Class org.gradle.internal.installation.CurrentGradleInstallation                      : loaded 2 times (x 69B)
Class org.gradle.util.internal.GUtil                                                  : loaded 2 times (x 67B)
Class org.gradle.internal.installation.GradleInstallation                             : loaded 2 times (x 71B)

---------------  S Y S T E M  ---------------

OS:
 Windows 10 , 64 bit Build 19041 (10.0.19041.6807)
OS uptime: 0 days 6:35 hours

CPU: total 8 (initial active 8) (4 cores per cpu, 2 threads per core) family 6 model 158 stepping 10 microcode 0xf8, cx8, cmov, fxsr, ht, mmx, 3dnowpref, sse, sse2, sse3, ssse3, sse4.1, sse4.2, popcnt, lzcnt, tsc, tscinvbit, avx, avx2, aes, erms, clmul, bmi1, bmi2, rtm, adx, fma, vzeroupper, clflush, clflushopt, rdtscp, f16c
Processor Information for the first 8 processors :
  Max Mhz: 2496, Current Mhz: 2496, Mhz Limit: 2496

Memory: 4k page, system-wide physical 16142M (995M free)
TotalPageFile size 21968M (AvailPageFile size 2M)
current process WorkingSet (physical memory assigned to process): 260M, peak: 269M
current process commit charge ("private bytes"): 296M, peak: 384M

vm_info: OpenJDK 64-Bit Server VM (21.0.6+-13391695-b895.109) for windows-amd64 JRE (21.0.6+-13391695-b895.109), built on 2025-04-22T21:19:17Z by "builder" with MS VC++ 16.10 / 16.11 (VS2019)

END.
